<?xml version="1.0" encoding="UTF-8"?>
<testng-results skipped="0" failed="0" ignored="0" total="1" passed="1">
  <reporter-output>
  </reporter-output>
  <suite name="Default suite" duration-ms="93966" started-at="2020-04-08T06:03:08Z" finished-at="2020-04-08T06:04:42Z">
    <groups>
    </groups>
    <test name="Default test" duration-ms="93966" started-at="2020-04-08T06:03:08Z" finished-at="2020-04-08T06:04:42Z">
      <class name="est.Kishore">
        <test-method status="PASS" signature="start()[pri:0, instance:est.Kishore@77caeb3e]" name="start" is-config="true" duration-ms="83382" started-at="2020-04-08T06:03:09Z" finished-at="2020-04-08T06:04:32Z">
          <reporter-output>
          </reporter-output>
        </test-method> <!-- start -->
        <test-method status="PASS" signature="Test11()[pri:0, instance:est.Kishore@77caeb3e]" name="Test11" duration-ms="8787" started-at="2020-04-08T06:04:32Z" finished-at="2020-04-08T06:04:41Z">
          <reporter-output>
          </reporter-output>
        </test-method> <!-- Test11 -->
        <test-method status="PASS" signature="Ter()[pri:0, instance:est.Kishore@77caeb3e]" name="Ter" is-config="true" duration-ms="1755" started-at="2020-04-08T06:04:41Z" finished-at="2020-04-08T06:04:42Z">
          <reporter-output>
          </reporter-output>
        </test-method> <!-- Ter -->
      </class> <!-- est.Kishore -->
    </test> <!-- Default test -->
  </suite> <!-- Default suite -->
</testng-results>
