<?xml version="1.0" encoding="UTF-8"?>
<testng-results skipped="0" failed="0" ignored="0" total="1" passed="1">
  <reporter-output>
  </reporter-output>
  <suite name="Default suite" duration-ms="13847" started-at="2020-03-21T16:03:05Z" finished-at="2020-03-21T16:03:19Z">
    <groups>
    </groups>
    <test name="Default test" duration-ms="13847" started-at="2020-03-21T16:03:05Z" finished-at="2020-03-21T16:03:19Z">
      <class name="est.Kishore">
        <test-method status="PASS" signature="Before()[pri:0, instance:est.Kishore@523884b2]" name="Before" is-config="true" duration-ms="2821" started-at="2020-03-21T16:03:05Z" finished-at="2020-03-21T16:03:08Z">
          <reporter-output>
          </reporter-output>
        </test-method> <!-- Before -->
        <test-method status="PASS" signature="Test1()[pri:0, instance:est.Kishore@523884b2]" name="Test1" duration-ms="8576" started-at="2020-03-21T16:03:08Z" finished-at="2020-03-21T16:03:16Z">
          <reporter-output>
          </reporter-output>
        </test-method> <!-- Test1 -->
        <test-method status="PASS" signature="After()[pri:0, instance:est.Kishore@523884b2]" name="After" is-config="true" duration-ms="2429" started-at="2020-03-21T16:03:16Z" finished-at="2020-03-21T16:03:19Z">
          <reporter-output>
          </reporter-output>
        </test-method> <!-- After -->
      </class> <!-- est.Kishore -->
    </test> <!-- Default test -->
  </suite> <!-- Default suite -->
</testng-results>
